<?xml version="1.0" encoding="utf-8"?><testsuites name="pytest tests"><testsuite name="pytest" errors="0" failures="0" skipped="0" tests="9" time="5.958" timestamp="2026-06-25T00:40:29.184217+00:00" hostname="agent-env-c0941d6a-1d65-401f-af33-271612cce26b"><testcase classname="backend.tests.test_admin_subuser.TestAdminCreation" name="test_admin_can_create_admin" time="0.954" /><testcase classname="backend.tests.test_admin_subuser.TestAdminCreation" name="test_new_admin_can_login" time="0.934" /><testcase classname="backend.tests.test_admin_subuser.TestAdminCreation" name="test_unknown_role_400" time="0.059" /><testcase classname="backend.tests.test_admin_subuser.TestAdminCreation" name="test_reseller_cannot_create_admin" time="0.915" /><testcase classname="backend.tests.test_admin_subuser.TestAdminListing" name="test_admin_sees_all_non_self" time="0.888" /><testcase classname="backend.tests.test_admin_subuser.TestAdminDeletion" name="test_cannot_delete_self" time="0.063" /><testcase classname="backend.tests.test_admin_subuser.TestAdminDeletion" name="test_admin_can_delete_other_admin" time="0.508" /><testcase classname="backend.tests.test_admin_subuser.TestAdminDeletion" name="test_reseller_cannot_delete_admin" time="1.397" /><testcase classname="backend.tests.test_admin_subuser.TestAdminDeletion" name="test_last_admin_guard_check" time="0.067" /></testsuite></testsuites>