<?xml version="1.0" encoding="utf-8"?><testsuites name="pytest tests"><testsuite name="pytest" errors="0" failures="0" skipped="0" tests="12" time="5.222" timestamp="2026-06-25T00:17:27.926693+00:00" hostname="agent-env-c0941d6a-1d65-401f-af33-271612cce26b"><testcase classname="backend.tests.test_installer_download.TestInstallerInfo" name="test_info_public_no_auth_returns_200" time="0.252" /><testcase classname="backend.tests.test_installer_download.TestInstallerInfo" name="test_info_filename_pattern" time="0.175" /><testcase classname="backend.tests.test_installer_download.TestInstallerInfo" name="test_info_sha256_format" time="0.212" /><testcase classname="backend.tests.test_installer_download.TestInstallerInfo" name="test_info_https_scheme_via_xfp" time="0.161" /><testcase classname="backend.tests.test_installer_download.TestInstallerInfo" name="test_info_curl_oneliner_contains_filename_and_install_script" time="0.222" /><testcase classname="backend.tests.test_installer_download.TestInstallerDownload" name="test_download_returns_gzip" time="0.219" /><testcase classname="backend.tests.test_installer_download.TestInstallerDownload" name="test_download_sha_and_size_match_info" time="0.357" /><testcase classname="backend.tests.test_installer_download.TestInstallerDownload" name="test_tarball_contents_required_files_and_forbidden_paths" time="0.218" /><testcase classname="backend.tests.test_installer_download.TestInstallerRebuild" name="test_rebuild_requires_auth" time="0.174" /><testcase classname="backend.tests.test_installer_download.TestInstallerRebuild" name="test_rebuild_forbidden_for_non_admin" time="1.511" /><testcase classname="backend.tests.test_installer_download.TestInstallerRebuild" name="test_rebuild_as_admin_returns_ok" time="0.536" /><testcase classname="backend.tests.test_installer_download.TestInstallerRebuild" name="test_rebuild_then_info_sha_matches_new_file" time="0.929" /></testsuite></testsuites>