<?xml version="1.0" encoding="utf-8"?><testsuites name="pytest tests"><testsuite name="pytest" errors="0" failures="0" skipped="0" tests="8" time="3.668" timestamp="2026-06-25T00:59:45.143087+00:00" hostname="agent-env-c0941d6a-1d65-401f-af33-271612cce26b"><testcase classname="backend.tests.test_streams_limits_and_rtmp.TestDemoModeRemoved" name="test_config_get_has_no_demo_mode" time="0.810" /><testcase classname="backend.tests.test_streams_limits_and_rtmp.TestDemoModeRemoved" name="test_config_put_without_demo_mode_succeeds" time="0.178" /><testcase classname="backend.tests.test_streams_limits_and_rtmp.TestDemoModeRemoved" name="test_config_put_rejects_demo_mode_extra_silently_or_strict" time="0.126" /><testcase classname="backend.tests.test_streams_limits_and_rtmp.TestRtmpStaticPath" name="test_publish_url_contains_static" time="0.176" /><testcase classname="backend.tests.test_streams_limits_and_rtmp.TestStreamLimits" name="test_get_stream_exposes_new_fields" time="0.184" /><testcase classname="backend.tests.test_streams_limits_and_rtmp.TestStreamLimits" name="test_put_persists_max_bitrate_and_timeout" time="0.399" /><testcase classname="backend.tests.test_streams_limits_and_rtmp.TestStreamLimits" name="test_title_only_put_preserves_limits" time="0.708" /><testcase classname="backend.tests.test_streams_limits_and_rtmp.TestStreamLimits" name="test_clear_max_bitrate_with_zero" time="0.742" /></testsuite></testsuites>