<?xml version="1.0" encoding="utf-8"?><testsuites name="pytest tests"><testsuite name="pytest" errors="0" failures="0" skipped="0" tests="15" time="7.512" timestamp="2026-06-25T01:34:52.703283+00:00" hostname="agent-env-c0941d6a-1d65-401f-af33-271612cce26b"><testcase classname="test_streams_limits_and_rtmp.TestDemoModeRemoved" name="test_config_get_has_no_demo_mode" time="0.704" /><testcase classname="test_streams_limits_and_rtmp.TestDemoModeRemoved" name="test_config_put_without_demo_mode_succeeds" time="0.139" /><testcase classname="test_streams_limits_and_rtmp.TestDemoModeRemoved" name="test_config_put_rejects_demo_mode_extra_silently_or_strict" time="0.129" /><testcase classname="test_streams_limits_and_rtmp.TestRtmpStaticPath" name="test_publish_url_contains_static" time="0.178" /><testcase classname="test_streams_limits_and_rtmp.TestStreamLimits" name="test_get_stream_exposes_new_fields" time="0.176" /><testcase classname="test_streams_limits_and_rtmp.TestStreamLimits" name="test_put_persists_max_bitrate_and_timeout" time="0.425" /><testcase classname="test_streams_limits_and_rtmp.TestStreamLimits" name="test_title_only_put_preserves_limits" time="0.677" /><testcase classname="test_streams_limits_and_rtmp.TestStreamLimits" name="test_clear_max_bitrate_with_zero" time="0.383" /><testcase classname="test_streams_limits_and_rtmp.TestMaxBitrateConversion" name="test_put_kbps_round_trips_via_backend[5000-5000000]" time="0.609" /><testcase classname="test_streams_limits_and_rtmp.TestMaxBitrateConversion" name="test_put_kbps_round_trips_via_backend[1500-1500000]" time="0.414" /><testcase classname="test_streams_limits_and_rtmp.TestMaxBitrateConversion" name="test_put_kbps_round_trips_via_backend[100-100000]" time="0.446" /><testcase classname="test_streams_limits_and_rtmp.TestMaxBitrateConversion" name="test_put_kbps_round_trips_via_backend[1-1000]" time="0.419" /><testcase classname="test_streams_limits_and_rtmp.TestMaxBitrateConversion" name="test_put_5000_stores_5_million_bps_in_flussonic" time="0.966" /><testcase classname="test_streams_limits_and_rtmp.TestMaxBitrateConversion" name="test_source_timeout_not_wiped_by_max_bitrate_only_put" time="0.627" /><testcase classname="test_streams_limits_and_rtmp.TestMaxBitrateConversion" name="test_source_timeout_only_put_preserves_max_bitrate" time="0.820" /></testsuite></testsuites>