<?xml version="1.0" encoding="utf-8"?><testsuites name="pytest tests"><testsuite name="pytest" errors="0" failures="0" skipped="0" tests="6" time="5.876" timestamp="2026-06-25T01:18:05.745576+00:00" hostname="agent-env-c0941d6a-1d65-401f-af33-271612cce26b"><testcase classname="backend.tests.test_server_limits.TestServerLimitsGet" name="test_get_requires_auth" time="0.709" /><testcase classname="backend.tests.test_server_limits.TestServerLimitsGet" name="test_get_returns_expected_shape" time="0.224" /><testcase classname="backend.tests.test_server_limits.TestServerLimitsPut" name="test_put_updates_max_sessions_and_persists" time="1.004" /><testcase classname="backend.tests.test_server_limits.TestServerLimitsPut" name="test_put_empty_body_returns_unchanged" time="0.991" /><testcase classname="backend.tests.test_server_limits.TestServerLimitsPut" name="test_put_restore_400" time="1.016" /><testcase classname="backend.tests.test_server_limits.TestServerLimitsAdminOnly" name="test_non_admin_put_returns_403" time="1.732" /></testsuite></testsuites>