<?xml version="1.0" encoding="utf-8"?><testsuites name="pytest tests"><testsuite name="pytest" errors="0" failures="0" skipped="0" tests="14" time="1.538" timestamp="2026-06-25T01:46:42.891373+00:00" hostname="agent-env-c0941d6a-1d65-401f-af33-271612cce26b"><testcase classname="backend.tests.test_publisher_info_and_static_rtmp.TestPublisherFieldsPresent" name="test_all_streams_have_publisher_ip_field" time="0.882" /><testcase classname="backend.tests.test_publisher_info_and_static_rtmp.TestPublisherFieldsPresent" name="test_all_streams_have_publisher_proto_field" time="0.002" /><testcase classname="backend.tests.test_publisher_info_and_static_rtmp.TestPublisherFieldsPresent" name="test_publisher_fields_are_strings" time="0.001" /><testcase classname="backend.tests.test_publisher_info_and_static_rtmp.TestPublisherFieldsPresent" name="test_publisher_proto_lowercase" time="0.001" /><testcase classname="backend.tests.test_publisher_info_and_static_rtmp.TestPublisherFieldsPresent" name="test_publisher_proto_valid_values" time="0.001" /><testcase classname="backend.tests.test_publisher_info_and_static_rtmp.TestActivePublishers" name="test_at_least_one_stream_has_active_publisher_ip" time="0.001" /><testcase classname="backend.tests.test_publisher_info_and_static_rtmp.TestActivePublishers" name="test_publisher_ip_only_on_publish_inputs" time="0.001" /><testcase classname="backend.tests.test_publisher_info_and_static_rtmp.TestActivePublishers" name="test_telenerema_srt_publisher_if_active" time="0.001" /><testcase classname="backend.tests.test_publisher_info_and_static_rtmp.TestActivePublishers" name="test_vfstv_rtmp_publisher_if_active" time="0.000" /><testcase classname="backend.tests.test_publisher_info_and_static_rtmp.TestIdlePublishStreams" name="test_publish_streams_without_publisher_have_empty_ip" time="0.001" /><testcase classname="backend.tests.test_publisher_info_and_static_rtmp.TestRtmpPullStatic" name="test_rtmp_pull_includes_static" time="0.188" /><testcase classname="backend.tests.test_publisher_info_and_static_rtmp.TestRtmpPullStatic" name="test_rtmp_publish_still_has_static_regression" time="0.001" /><testcase classname="backend.tests.test_publisher_info_and_static_rtmp.TestRtmpPullStatic" name="test_hls_and_srt_unchanged" time="0.001" /><testcase classname="backend.tests.test_publisher_info_and_static_rtmp.TestRtmpPullStatic" name="test_outputs_order_and_count_unchanged" time="0.001" /></testsuite></testsuites>