<?xml version="1.0" encoding="utf-8"?><testsuites name="pytest tests"><testsuite name="pytest" errors="0" failures="0" skipped="0" tests="3" time="4.267" timestamp="2026-06-24T23:36:44.358201+00:00" hostname="agent-env-c0941d6a-1d65-401f-af33-271612cce26b"><testcase classname="backend.tests.test_monitor_and_publish_password.TestMonitor" name="test_requires_auth" time="0.159" /><testcase classname="backend.tests.test_monitor_and_publish_password.TestMonitor" name="test_payload_shape_and_cpu_ram_unavailable" time="0.691" /><testcase classname="backend.tests.test_monitor_and_publish_password.TestPublishPassword" name="test_set_clear_and_title_only_update" time="3.192" /></testsuite></testsuites>