<?xml version="1.0" encoding="utf-8"?><testsuites name="pytest tests"><testsuite name="pytest" errors="0" failures="0" skipped="0" tests="14" time="7.399" timestamp="2026-06-24T19:05:55.627475+00:00" hostname="agent-env-c0941d6a-1d65-401f-af33-271612cce26b"><testcase classname="backend.tests.test_backend.TestAuth" name="test_login_success_returns_token_and_cookie" time="0.977" /><testcase classname="backend.tests.test_backend.TestAuth" name="test_login_invalid" time="0.863" /><testcase classname="backend.tests.test_backend.TestAuth" name="test_me_requires_auth" time="0.511" /><testcase classname="backend.tests.test_backend.TestAuth" name="test_me_with_bearer" time="0.982" /><testcase classname="backend.tests.test_backend.TestAuth" name="test_me_with_cookie" time="0.932" /><testcase classname="backend.tests.test_backend.TestAuth" name="test_logout_clears_cookie" time="0.822" /><testcase classname="backend.tests.test_backend.TestServerEndpoints" name="test_server_info" time="0.187" /><testcase classname="backend.tests.test_backend.TestServerEndpoints" name="test_stats_24_points" time="0.070" /><testcase classname="backend.tests.test_backend.TestServerEndpoints" name="test_logs" time="0.072" /><testcase classname="backend.tests.test_backend.TestServerEndpoints" name="test_sessions" time="0.158" /><testcase classname="backend.tests.test_backend.TestStreams" name="test_list_streams_has_seeded" time="0.100" /><testcase classname="backend.tests.test_backend.TestStreams" name="test_get_unknown_returns_404" time="0.082" /><testcase classname="backend.tests.test_backend.TestStreams" name="test_create_duplicate_returns_409" time="0.078" /><testcase classname="backend.tests.test_backend.TestStreams" name="test_full_crud_flow" time="0.522" /></testsuite></testsuites>