<?xml version="1.0" encoding="utf-8"?><testsuites name="pytest tests"><testsuite name="pytest" errors="0" failures="0" skipped="0" tests="7" time="16.553" timestamp="2026-06-24T23:45:24.344646+00:00" hostname="agent-env-c0941d6a-1d65-401f-af33-271612cce26b"><testcase classname="backend.tests.test_stream_reset.TestResetAuth" name="test_reset_requires_auth" time="0.194" /><testcase classname="backend.tests.test_stream_reset.TestResetAuth" name="test_reset_nonexistent_returns_404" time="0.577" /><testcase classname="backend.tests.test_stream_reset.TestResetEndpoint" name="test_reset_returns_200_with_stream_object" time="0.981" /><testcase classname="backend.tests.test_stream_reset.TestResetEndpoint" name="test_reset_kicks_viewers_and_restarts_uptime" time="4.096" /><testcase classname="backend.tests.test_stream_reset.TestResetEndpoint" name="test_reset_leaves_disabled_false" time="2.985" /><testcase classname="backend.tests.test_stream_reset.TestResetPreservesConfig" name="test_reset_preserves_password_and_title" time="3.647" /><testcase classname="backend.tests.test_stream_reset.TestToggleRegression" name="test_toggle_off_then_on_leaves_enabled" time="3.876" /></testsuite></testsuites>